-------------------------------------------------------------------------------
Test set: hellosession.HelloSessionControllerTest
-------------------------------------------------------------------------------
Tests run: 1, Failures: 1, Errors: 0, Skipped: 0, Time elapsed: 5.044 s <<< FAILURE! - in hellosession.HelloSessionControllerTest
helloSession(hellosession.HelloSessionControllerTest)  Time elapsed: 0.317 s  <<< FAILURE!
java.lang.AssertionError: Response content expected:<Hello there!> but was:<Visits: 1>
	at hellosession.HelloSessionControllerTest.helloSession(HelloSessionControllerTest.java:30)

