<?xml version="1.0" encoding="UTF-8"?>
<testsuite xmlns:xsi="http://www.w3.org/2001/XMLSchema-instance" xsi:noNamespaceSchemaLocation="https://maven.apache.org/surefire/maven-surefire-plugin/xsd/surefire-test-report.xsd" name="hellosession.HelloSessionControllerTest" time="5.044" tests="1" errors="0" skipped="0" failures="1">
  <properties>
[...]
</properties>
  <testcase name="helloSession" classname="hellosession.HelloSessionControllerTest" time="0.317">
    <failure message="Response content expected:&lt;Hello there!&gt; but was:&lt;Visits: 1&gt;" type="java.lang.AssertionError"><![CDATA[java.lang.AssertionError: Response content expected:<Hello there!> but was:<Visits: 1>
	at hellosession.HelloSessionControllerTest.helloSession(HelloSessionControllerTest.java:30)
]]></failure>
    <system-out><![CDATA[15:37:08.655 [main] DEBUG org.springframework.test.context.junit4.SpringJUnit4ClassRunner - SpringJUnit4ClassRunner constructor called with [class hellosession.HelloSessionControllerTest]
15:37:08.671 [main] DEBUG org.springframework.test.context.BootstrapUtils - Instantiating CacheAwareContextLoaderDelegate from class [org.springframework.test.context.cache.DefaultCacheAwareContextLoaderDelegate]
15:37:08.671 [main] DEBUG org.springframework.test.context.BootstrapUtils - Instantiating BootstrapContext using constructor [public org.springframework.test.context.support.DefaultBootstrapContext(java.lang.Class,org.springframework.test.context.CacheAwareContextLoaderDelegate)]
15:37:08.686 [main] DEBUG org.springframework.test.context.BootstrapUtils - Instantiating TestContextBootstrapper for test class [hellosession.HelloSessionControllerTest] from class [org.springframework.boot.test.context.SpringBootTestContextBootstrapper]
15:37:08.702 [main] INFO org.springframework.boot.test.context.SpringBootTestContextBootstrapper - Neither @ContextConfiguration nor @ContextHierarchy found for test class [hellosession.HelloSessionControllerTest], using SpringBootContextLoader
15:37:08.702 [main] DEBUG org.springframework.test.context.support.AbstractContextLoader - Did not detect default resource location for test class [hellosession.HelloSessionControllerTest]: class path resource [hellosession/HelloSessionControllerTest-context.xml] does not exist
15:37:08.702 [main] DEBUG org.springframework.test.context.support.AbstractContextLoader - Did not detect default resource location for test class [hellosession.HelloSessionControllerTest]: class path resource [hellosession/HelloSessionControllerTestContext.groovy] does not exist
15:37:08.702 [main] INFO org.springframework.test.context.support.AbstractContextLoader - Could not detect default resource locations for test class [hellosession.HelloSessionControllerTest]: no resource found for suffixes {-context.xml, Context.groovy}.
15:37:08.702 [main] INFO org.springframework.test.context.support.AnnotationConfigContextLoaderUtils - Could not detect default configuration classes for test class [hellosession.HelloSessionControllerTest]: HelloSessionControllerTest does not declare any static, non-private, non-final, nested classes annotated with @Configuration.
15:37:08.802 [main] DEBUG org.springframework.context.annotation.ClassPathScanningCandidateComponentProvider - Identified candidate component class: file [C:\Tiedostot\tmcBeansProgect\hbc-2019-wepa-Java21S\osa05-Osa05_01.HelloSession\target\classes\hellosession\HelloSessionApplication.class]
15:37:08.802 [main] INFO org.springframework.boot.test.context.SpringBootTestContextBootstrapper - Found @SpringBootConfiguration hellosession.HelloSessionApplication for test class hellosession.HelloSessionControllerTest
15:37:08.856 [main] DEBUG org.springframework.boot.test.context.SpringBootTestContextBootstrapper - @TestExecutionListeners is not present for class [hellosession.HelloSessionControllerTest]: using defaults.
15:37:08.856 [main] INFO org.springframework.boot.test.context.SpringBootTestContextBootstrapper - Loaded default TestExecutionListener class names from location [META-INF/spring.factories]: [org.springframework.boot.test.mock.mockito.MockitoTestExecutionListener, org.springframework.boot.test.mock.mockito.ResetMocksTestExecutionListener, org.springframework.boot.test.autoconfigure.restdocs.RestDocsTestExecutionListener, org.springframework.boot.test.autoconfigure.web.client.MockRestServiceServerResetTestExecutionListener, org.springframework.boot.test.autoconfigure.web.servlet.MockMvcPrintOnlyOnFailureTestExecutionListener, org.springframework.boot.test.autoconfigure.web.servlet.WebDriverTestExecutionListener, org.springframework.test.context.web.ServletTestExecutionListener, org.springframework.test.context.support.DirtiesContextBeforeModesTestExecutionListener, org.springframework.test.context.support.DependencyInjectionTestExecutionListener, org.springframework.test.context.support.DirtiesContextTestExecutionListener, org.springframework.test.context.transaction.TransactionalTestExecutionListener, org.springframework.test.context.jdbc.SqlScriptsTestExecutionListener]
15:37:08.871 [main] INFO org.springframework.boot.test.context.SpringBootTestContextBootstrapper - Using TestExecutionListeners: [org.springframework.test.context.web.ServletTestExecutionListener@7e5c856f, org.springframework.test.context.support.DirtiesContextBeforeModesTestExecutionListener@413f69cc, org.springframework.boot.test.mock.mockito.MockitoTestExecutionListener@1f53a5dc, org.springframework.boot.test.autoconfigure.SpringBootDependencyInjectionTestExecutionListener@1b75c2e3, org.springframework.test.context.support.DirtiesContextTestExecutionListener@1984b1f, org.springframework.test.context.transaction.TransactionalTestExecutionListener@3bd323e9, org.springframework.test.context.jdbc.SqlScriptsTestExecutionListener@39ac0c0a, org.springframework.boot.test.mock.mockito.ResetMocksTestExecutionListener@c7ba306, org.springframework.boot.test.autoconfigure.restdocs.RestDocsTestExecutionListener@4ff8d125, org.springframework.boot.test.autoconfigure.web.client.MockRestServiceServerResetTestExecutionListener@6d167f58, org.springframework.boot.test.autoconfigure.web.servlet.MockMvcPrintOnlyOnFailureTestExecutionListener@3403e2ac, org.springframework.boot.test.autoconfigure.web.servlet.WebDriverTestExecutionListener@65b104b9]
15:37:08.871 [main] DEBUG org.springframework.test.annotation.ProfileValueUtils - Retrieved @ProfileValueSourceConfiguration [null] for test class [hellosession.HelloSessionControllerTest]
15:37:08.871 [main] DEBUG org.springframework.test.annotation.ProfileValueUtils - Retrieved ProfileValueSource type [class org.springframework.test.annotation.SystemProfileValueSource] for class [hellosession.HelloSessionControllerTest]
15:37:08.871 [main] DEBUG org.springframework.test.annotation.ProfileValueUtils - Retrieved @ProfileValueSourceConfiguration [null] for test class [hellosession.HelloSessionControllerTest]
15:37:08.871 [main] DEBUG org.springframework.test.annotation.ProfileValueUtils - Retrieved ProfileValueSource type [class org.springframework.test.annotation.SystemProfileValueSource] for class [hellosession.HelloSessionControllerTest]
15:37:08.871 [main] DEBUG org.springframework.test.annotation.ProfileValueUtils - Retrieved @ProfileValueSourceConfiguration [null] for test class [hellosession.HelloSessionControllerTest]
15:37:08.871 [main] DEBUG org.springframework.test.annotation.ProfileValueUtils - Retrieved ProfileValueSource type [class org.springframework.test.annotation.SystemProfileValueSource] for class [hellosession.HelloSessionControllerTest]
15:37:08.871 [main] DEBUG org.springframework.test.context.support.AbstractDirtiesContextTestExecutionListener - Before test class: context [DefaultTestContext@78d6692f testClass = HelloSessionControllerTest, testInstance = [null], testMethod = [null], testException = [null], mergedContextConfiguration = [WebMergedContextConfiguration@7a55af6b testClass = HelloSessionControllerTest, locations = '{}', classes = '{class hellosession.HelloSessionApplication}', contextInitializerClasses = '[]', activeProfiles = '{test}', propertySourceLocations = '{}', propertySourceProperties = '{org.springframework.boot.test.context.SpringBootTestContextBootstrapper=true}', contextCustomizers = set[[ImportsContextCustomizer@3d9c13b5 key = [org.springframework.boot.test.autoconfigure.web.servlet.MockMvcAutoConfiguration, org.springframework.boot.test.autoconfigure.web.servlet.MockMvcSecurityAutoConfiguration, org.springframework.boot.test.autoconfigure.web.servlet.MockMvcWebClientAutoConfiguration, org.springframework.boot.test.autoconfigure.web.servlet.MockMvcWebDriverAutoConfiguration]], org.springframework.boot.test.context.filter.ExcludeFilterContextCustomizer@66d3eec0, org.springframework.boot.test.json.DuplicateJsonObjectContextCustomizerFactory$DuplicateJsonObjectContextCustomizer@18d87d80, org.springframework.boot.test.mock.mockito.MockitoContextCustomizer@0, org.springframework.boot.test.web.client.TestRestTemplateContextCustomizer@5d0a1059, org.springframework.boot.test.autoconfigure.properties.PropertyMappingContextCustomizer@e7e8512, org.springframework.boot.test.autoconfigure.web.servlet.WebDriverContextCustomizerFactory$Customizer@550dbc7a], resourceBasePath = 'src/main/webapp', contextLoader = 'org.springframework.boot.test.context.SpringBootContextLoader', parent = [null]], attributes = map['org.springframework.test.context.web.ServletTestExecutionListener.activateListener' -> true]], class annotated with @DirtiesContext [false] with mode [null].
15:37:08.887 [main] DEBUG org.springframework.test.annotation.ProfileValueUtils - Retrieved @ProfileValueSourceConfiguration [null] for test class [hellosession.HelloSessionControllerTest]
15:37:08.887 [main] DEBUG org.springframework.test.annotation.ProfileValueUtils - Retrieved ProfileValueSource type [class org.springframework.test.annotation.SystemProfileValueSource] for class [hellosession.HelloSessionControllerTest]
15:37:08.902 [main] DEBUG org.springframework.test.context.support.TestPropertySourceUtils - Adding inlined properties to environment: {spring.jmx.enabled=false, org.springframework.boot.test.context.SpringBootTestContextBootstrapper=true, server.port=-1}

  .   ____          _            __ _ _
 /\\ / ___'_ __ _ _(_)_ __  __ _ \ \ \ \
( ( )\___ | '_ | '_| | '_ \/ _` | \ \ \ \
 \\/  ___)| |_)| | | | | || (_| |  ) ) ) )
  '  |____| .__|_| |_|_| |_\__, | / / / /
 =========|_|==============|___/=/_/_/_/
 :: Spring Boot ::        (v2.1.3.RELEASE)

2022-01-18 15:37:09.203  INFO 20344 --- [           main] hellosession.HelloSessionControllerTest  : Starting HelloSessionControllerTest on BC-6CSJ1B3 with PID 20344 (started by s2101121 in C:\Tiedostot\tmcBeansProgect\hbc-2019-wepa-Java21S\osa05-Osa05_01.HelloSession)
2022-01-18 15:37:09.203  INFO 20344 --- [           main] hellosession.HelloSessionControllerTest  : The following profiles are active: test
2022-01-18 15:37:09.858  INFO 20344 --- [           main] .s.d.r.c.RepositoryConfigurationDelegate : Bootstrapping Spring Data repositories in DEFAULT mode.
2022-01-18 15:37:09.889  INFO 20344 --- [           main] .s.d.r.c.RepositoryConfigurationDelegate : Finished Spring Data repository scanning in 15ms. Found 0 repository interfaces.
2022-01-18 15:37:10.306  INFO 20344 --- [           main] trationDelegate$BeanPostProcessorChecker : Bean 'org.springframework.transaction.annotation.ProxyTransactionManagementConfiguration' of type [org.springframework.transaction.annotation.ProxyTransactionManagementConfiguration$$EnhancerBySpringCGLIB$$c4252329] is not eligible for getting processed by all BeanPostProcessors (for example: not eligible for auto-proxying)
2022-01-18 15:37:10.507  INFO 20344 --- [           main] com.zaxxer.hikari.HikariDataSource       : HikariPool-1 - Starting...
2022-01-18 15:37:10.660  INFO 20344 --- [           main] com.zaxxer.hikari.HikariDataSource       : HikariPool-1 - Start completed.
2022-01-18 15:37:10.729  INFO 20344 --- [           main] o.hibernate.jpa.internal.util.LogHelper  : HHH000204: Processing PersistenceUnitInfo [
	name: default
	...]
2022-01-18 15:37:10.792  INFO 20344 --- [           main] org.hibernate.Version                    : HHH000412: Hibernate Core {5.3.7.Final}
2022-01-18 15:37:10.792  INFO 20344 --- [           main] org.hibernate.cfg.Environment            : HHH000206: hibernate.properties not found
2022-01-18 15:37:10.977  INFO 20344 --- [           main] o.hibernate.annotations.common.Version   : HCANN000001: Hibernate Commons Annotations {5.0.4.Final}
2022-01-18 15:37:11.277  INFO 20344 --- [           main] org.hibernate.dialect.Dialect            : HHH000400: Using dialect: org.hibernate.dialect.H2Dialect
2022-01-18 15:37:11.578  INFO 20344 --- [           main] j.LocalContainerEntityManagerFactoryBean : Initialized JPA EntityManagerFactory for persistence unit 'default'
2022-01-18 15:37:12.179  INFO 20344 --- [           main] o.s.s.concurrent.ThreadPoolTaskExecutor  : Initializing ExecutorService 'applicationTaskExecutor'
2022-01-18 15:37:12.248  WARN 20344 --- [           main] aWebConfiguration$JpaWebMvcConfiguration : spring.jpa.open-in-view is enabled by default. Therefore, database queries may be performed during view rendering. Explicitly configure spring.jpa.open-in-view to disable this warning
2022-01-18 15:37:12.449  INFO 20344 --- [           main] o.s.b.a.w.s.WelcomePageHandlerMapping    : Adding welcome page template: index
2022-01-18 15:37:12.665  INFO 20344 --- [           main] o.s.b.t.m.w.SpringBootMockServletContext : Initializing Spring TestDispatcherServlet ''
2022-01-18 15:37:12.665  INFO 20344 --- [           main] o.s.t.web.servlet.TestDispatcherServlet  : Initializing Servlet ''
2022-01-18 15:37:12.681  INFO 20344 --- [           main] o.s.t.web.servlet.TestDispatcherServlet  : Completed initialization in 16 ms
2022-01-18 15:37:13.267  INFO 20344 --- [           main] hellosession.HelloSessionControllerTest  : Started HelloSessionControllerTest in 4.365 seconds (JVM running for 4.976)

MockHttpServletRequest:
      HTTP Method = GET
      Request URI = /
       Parameters = {}
          Headers = []
             Body = null
    Session Attrs = {count=1}

Handler:
             Type = hellosession.HelloSessionController
           Method = public java.lang.String hellosession.HelloSessionController.count(javax.servlet.http.HttpSession)

Async:
    Async started = false
     Async result = null

Resolved Exception:
             Type = null

ModelAndView:
        View name = null
             View = null
            Model = null

FlashMap:
       Attributes = null

MockHttpServletResponse:
           Status = 200
    Error message = null
          Headers = [Content-Type:"text/plain;charset=UTF-8", Content-Length:"9"]
     Content type = text/plain;charset=UTF-8
             Body = Visits: 1
    Forwarded URL = null
   Redirected URL = null
          Cookies = []
]]></system-out>
  </testcase>
</testsuite>